2021-06-19 15:06:767 INFO  HomePage :29 - Clicking on login link : [[ChromeDriver: chrome on WINDOWS (ceda04d9b0ea4bb2ce8cd0904ddeaeca)] -> link text: Log in]
2021-06-19 15:06:817 INFO  LoginPage :56 - Getting text from : [[ChromeDriver: chrome on WINDOWS (ceda04d9b0ea4bb2ce8cd0904ddeaeca)] -> xpath: //div[@class='page-title']//h1]
2021-06-24 22:06:38 INFO  BasePage :33 - Launching Chrome Browser 
2021-06-26 12:06:127 INFO  BasePage :33 - Launching Chrome Browser 
2021-06-26 12:06:516 INFO  BasePage :33 - Launching Chrome Browser 
2021-06-26 12:06:970 INFO  HomePage :24 - Clicking on login link : [[ChromeDriver: chrome on WINDOWS (9392fc7b535cb865af2028967ca6ac80)] -> link text: Log in]
2021-06-26 12:06:72 INFO  LoginPage :46 - Getting text from : [[ChromeDriver: chrome on WINDOWS (9392fc7b535cb865af2028967ca6ac80)] -> xpath: //div[@class='page-title']//h1]
2021-06-26 12:06:329 INFO  BasePage :33 - Launching Chrome Browser 
2021-06-26 12:06:651 INFO  HomePage :24 - Clicking on login link : [[ChromeDriver: chrome on WINDOWS (bec353510354bb0356445ae34d5ef5c2)] -> link text: Log in]
2021-06-26 12:06:736 INFO  LoginPage :46 - Getting text from : [[ChromeDriver: chrome on WINDOWS (bec353510354bb0356445ae34d5ef5c2)] -> xpath: //div[@class='page-title']//h1]
2021-06-26 13:06:446 INFO  BasePage :33 - Launching Chrome Browser 
2021-06-26 13:06:614 INFO  HomePage :24 - Clicking on login link : [[ChromeDriver: chrome on WINDOWS (63c7912edd0f96061d35a685735774b9)] -> link text: Log in]
2021-06-26 13:06:696 INFO  LoginPage :46 - Getting text from : [[ChromeDriver: chrome on WINDOWS (63c7912edd0f96061d35a685735774b9)] -> xpath: //div[@class='page-title']//h1]
2021-06-26 13:06:928 INFO  BasePage :33 - Launching Chrome Browser 
2021-06-26 13:06:736 INFO  HomePage :24 - Clicking on login link : [[ChromeDriver: chrome on WINDOWS (e1c0ae3c7578e7f0b52a3fd176700c84)] -> link text: Log in]
2021-06-26 13:06:829 INFO  LoginPage :46 - Getting text from : [[ChromeDriver: chrome on WINDOWS (e1c0ae3c7578e7f0b52a3fd176700c84)] -> xpath: //div[@class='page-title']//h1]
2021-06-26 13:06:300 INFO  BasePage :33 - Launching Chrome Browser 
2021-06-26 13:06:53 INFO  HomePage :24 - Clicking on login link : [[ChromeDriver: chrome on WINDOWS (65367aa714d330fd2d8ad9260f65d5a1)] -> link text: Log in]
2021-06-26 13:06:147 INFO  LoginPage :46 - Getting text from : [[ChromeDriver: chrome on WINDOWS (65367aa714d330fd2d8ad9260f65d5a1)] -> xpath: //div[@class='page-title']//h1]
2021-06-26 13:06:197 INFO  BasePage :33 - Launching Chrome Browser 
2021-06-26 13:06:968 INFO  HomePage :24 - Clicking on login link : [[ChromeDriver: chrome on WINDOWS (3c805c580c84c02e5367b82730c6316f)] -> link text: Log in]
2021-06-26 13:06:47 INFO  LoginPage :46 - Getting text from : [[ChromeDriver: chrome on WINDOWS (3c805c580c84c02e5367b82730c6316f)] -> xpath: //div[@class='page-title']//h1]
2021-06-26 14:06:661 INFO  BasePage :33 - Launching Chrome Browser 
2021-06-26 14:06:812 INFO  HomePage :24 - Clicking on login link : [[ChromeDriver: chrome on WINDOWS (99de0b2a8d8ca112f1057617ef2ee6c7)] -> link text: Log in]
2021-06-26 14:06:859 INFO  LoginPage :46 - Getting text from : [[ChromeDriver: chrome on WINDOWS (99de0b2a8d8ca112f1057617ef2ee6c7)] -> xpath: //div[@class='page-title']//h1]
2021-06-26 14:06:352 INFO  BasePage :33 - Launching Chrome Browser 
2021-06-26 14:06:50 INFO  HomePage :24 - Clicking on login link : [[ChromeDriver: chrome on WINDOWS (425c6dd83c9c664174ba17238cc19ab6)] -> link text: Log in]
2021-06-26 14:06:191 INFO  LoginPage :46 - Getting text from : [[ChromeDriver: chrome on WINDOWS (425c6dd83c9c664174ba17238cc19ab6)] -> xpath: //div[@class='page-title']//h1]
2021-06-26 14:06:983 INFO  BasePage :33 - Launching Chrome Browser 
2021-06-26 14:06:414 INFO  HomePage :24 - Clicking on login link : [[ChromeDriver: chrome on WINDOWS (91a28002994ac7911588f6bd06b48b46)] -> link text: Log in]
2021-06-26 14:06:573 INFO  LoginPage :52 - Getting text from : [[ChromeDriver: chrome on WINDOWS (91a28002994ac7911588f6bd06b48b46)] -> xpath: //div[@class='page-title']//h1]
2021-06-26 14:06:924 INFO  BasePage :33 - Launching Chrome Browser 
2021-06-26 14:06:194 INFO  HomePage :24 - Clicking on login link : [[ChromeDriver: chrome on WINDOWS (08e998ca96e7d3baf5db645d0d30d263)] -> link text: Log in]
2021-06-26 14:06:225 INFO  LoginPage :52 - Getting text from : [[ChromeDriver: chrome on WINDOWS (08e998ca96e7d3baf5db645d0d30d263)] -> xpath: //div[@class='page-title']//h1]
2021-06-26 14:06:607 INFO  BasePage :33 - Launching Chrome Browser 
2021-06-26 14:06:787 INFO  HomePage :24 - Clicking on login link : [[ChromeDriver: chrome on WINDOWS (0bd9ae1f8c54dd38b3602f09bbadbee3)] -> link text: Log in]
2021-06-26 14:06:518 INFO  LoginPage :38 - Entering email address : primefivetest@yahoo.com to email field : [[ChromeDriver: chrome on WINDOWS (0bd9ae1f8c54dd38b3602f09bbadbee3)] -> id: Email]
2021-06-26 14:06:908 INFO  LoginPage :43 - Entering password : abc123 to password field : [[ChromeDriver: chrome on WINDOWS (0bd9ae1f8c54dd38b3602f09bbadbee3)] -> id: Password]
2021-06-26 14:06:676 INFO  BasePage :33 - Launching Chrome Browser 
2021-06-26 14:06:739 INFO  HomePage :24 - Clicking on login link : [[ChromeDriver: chrome on WINDOWS (573d0d6be13ba28145ab5f3277c79a6f)] -> link text: Log in]
2021-06-26 14:06:797 INFO  LoginPage :52 - Getting text from : [[ChromeDriver: chrome on WINDOWS (573d0d6be13ba28145ab5f3277c79a6f)] -> xpath: //div[@class='page-title']//h1]
2021-06-26 14:06:28 INFO  BasePage :33 - Launching Chrome Browser 
2021-06-26 14:06:56 INFO  HomePage :24 - Clicking on login link : [[ChromeDriver: chrome on WINDOWS (ed18188ce9f61cd55b853fc40ea55581)] -> link text: Log in]
2021-06-26 14:06:963 INFO  LoginPage :38 - Entering email address : primefivetest@yahoo.com to email field : [[ChromeDriver: chrome on WINDOWS (ed18188ce9f61cd55b853fc40ea55581)] -> id: Email]
2021-06-26 14:06:373 INFO  LoginPage :43 - Entering password : abc123 to password field : [[ChromeDriver: chrome on WINDOWS (ed18188ce9f61cd55b853fc40ea55581)] -> id: Password]
2021-06-26 14:06:150 INFO  LoginPage :48 - Clicking on login button : Proxy element for: DefaultElementLocator 'By.xpath: //button[@class='button-1 login-button']'
2021-06-26 14:06:216 INFO  LoginPage :57 - Getting welcome to store text : [[ChromeDriver: chrome on WINDOWS (ed18188ce9f61cd55b853fc40ea55581)] -> xpath: //div[@class='topic-block-title']//h2]
2021-06-26 15:06:302 INFO  BasePage :33 - Launching Chrome Browser 
2021-06-26 15:06:114 INFO  HomePage :24 - Clicking on login link : [[ChromeDriver: chrome on WINDOWS (1409105b0f19c0e70270694257ce2019)] -> link text: Log in]
2021-06-26 15:06:242 INFO  LoginPage :52 - Getting text from : [[ChromeDriver: chrome on WINDOWS (1409105b0f19c0e70270694257ce2019)] -> xpath: //div[@class='page-title']//h1]
2021-06-26 15:06:112 INFO  BasePage :33 - Launching Chrome Browser 
2021-06-26 15:06:46 INFO  HomePage :24 - Clicking on login link : [[ChromeDriver: chrome on WINDOWS (77a291771b13eb3f4819283a55b7ca42)] -> link text: Log in]
2021-06-26 15:06:709 INFO  LoginPage :38 - Entering email address : primefivetest@yahoo.com to email field : [[ChromeDriver: chrome on WINDOWS (77a291771b13eb3f4819283a55b7ca42)] -> id: Email]
2021-06-26 15:06:19 INFO  LoginPage :43 - Entering password : abc123 to password field : [[ChromeDriver: chrome on WINDOWS (77a291771b13eb3f4819283a55b7ca42)] -> id: Password]
2021-06-26 15:06:498 INFO  LoginPage :48 - Clicking on login button : [[ChromeDriver: chrome on WINDOWS (77a291771b13eb3f4819283a55b7ca42)] -> xpath: //button[@class='button-1 login-button']]
2021-06-26 15:06:552 INFO  LoginPage :57 - Getting welcome to store text : [[ChromeDriver: chrome on WINDOWS (77a291771b13eb3f4819283a55b7ca42)] -> xpath: //div[@class='topic-block-title']//h2]
2021-06-26 15:06:564 INFO  BasePage :33 - Launching Chrome Browser 
2021-06-26 15:06:100 INFO  HomePage :24 - Clicking on login link : [[ChromeDriver: chrome on WINDOWS (38c62565b0238a26d4fe979cdc2d1747)] -> link text: Log in]
2021-06-26 15:06:303 INFO  LoginPage :38 - Entering email address : abcd123@gmail.com to email field : [[ChromeDriver: chrome on WINDOWS (38c62565b0238a26d4fe979cdc2d1747)] -> id: Email]
2021-06-26 15:06:492 INFO  LoginPage :43 - Entering password : xyz123 to password field : [[ChromeDriver: chrome on WINDOWS (38c62565b0238a26d4fe979cdc2d1747)] -> id: Password]
2021-06-26 15:06:85 INFO  LoginPage :48 - Clicking on login button : [[ChromeDriver: chrome on WINDOWS (38c62565b0238a26d4fe979cdc2d1747)] -> xpath: //button[@class='button-1 login-button']]
2021-06-26 15:06:127 INFO  LoginPage :62 - Getting error message : [[ChromeDriver: chrome on WINDOWS (38c62565b0238a26d4fe979cdc2d1747)] -> xpath: //div[@class='message-error validation-summary-errors']]
2021-06-26 15:06:368 INFO  BasePage :33 - Launching Chrome Browser 
2021-06-26 15:06:839 INFO  HomePage :24 - Clicking on login link : [[ChromeDriver: chrome on WINDOWS (d205c53a3d9c9acd7f4bef32f9a06f4a)] -> link text: Log in]
2021-06-26 15:06:556 INFO  LoginPage :38 - Entering email address : xyz123@gmail.com to email field : [[ChromeDriver: chrome on WINDOWS (d205c53a3d9c9acd7f4bef32f9a06f4a)] -> id: Email]
2021-06-26 15:06:73 INFO  LoginPage :43 - Entering password : abc123 to password field : [[ChromeDriver: chrome on WINDOWS (d205c53a3d9c9acd7f4bef32f9a06f4a)] -> id: Password]
2021-06-26 15:06:796 INFO  LoginPage :48 - Clicking on login button : [[ChromeDriver: chrome on WINDOWS (d205c53a3d9c9acd7f4bef32f9a06f4a)] -> xpath: //button[@class='button-1 login-button']]
2021-06-26 15:06:831 INFO  LoginPage :62 - Getting error message : [[ChromeDriver: chrome on WINDOWS (d205c53a3d9c9acd7f4bef32f9a06f4a)] -> xpath: //div[@class='message-error validation-summary-errors']]
2021-06-26 15:06:190 INFO  BasePage :33 - Launching Chrome Browser 
2021-06-26 15:06:425 INFO  HomePage :24 - Clicking on login link : [[ChromeDriver: chrome on WINDOWS (20ddfae14001ec8d87c946bd89af86c7)] -> link text: Log in]
2021-06-26 15:06:706 INFO  LoginPage :38 - Entering email address : adfafasd@gmail.com to email field : [[ChromeDriver: chrome on WINDOWS (20ddfae14001ec8d87c946bd89af86c7)] -> id: Email]
2021-06-26 15:06:965 INFO  LoginPage :43 - Entering password : xyz123 to password field : [[ChromeDriver: chrome on WINDOWS (20ddfae14001ec8d87c946bd89af86c7)] -> id: Password]
2021-06-26 15:06:701 INFO  LoginPage :48 - Clicking on login button : [[ChromeDriver: chrome on WINDOWS (20ddfae14001ec8d87c946bd89af86c7)] -> xpath: //button[@class='button-1 login-button']]
2021-06-26 15:06:722 INFO  LoginPage :62 - Getting error message : [[ChromeDriver: chrome on WINDOWS (20ddfae14001ec8d87c946bd89af86c7)] -> xpath: //div[@class='message-error validation-summary-errors']]
